<?xml version="1.0" encoding="UTF-8"?>
<coverage generated="1770581175540" clover="3.2.0">
  <project timestamp="1770581175541" name="All files">
    <metrics statements="247" coveredstatements="157" conditionals="58" coveredconditionals="20" methods="60" coveredmethods="33" elements="365" coveredelements="210" complexity="0" loc="247" ncloc="247" packages="1" files="8" classes="8"/>
    <file name="CryptoUtils.ts" path="/home/Jamie/Dokumente/Git/FreetimeSDK-NPM/src/CryptoUtils.ts">
      <metrics statements="60" coveredstatements="26" conditionals="31" coveredconditionals="7" methods="11" coveredmethods="5"/>
      <line num="1" count="1" type="stmt"/>
      <line num="2" count="1" type="stmt"/>
      <line num="8" count="1" type="stmt"/>
      <line num="10" count="1" type="stmt"/>
      <line num="11" count="1" type="stmt"/>
      <line num="12" count="1" type="stmt"/>
      <line num="16" count="5" type="cond" truecount="2" falsecount="1"/>
      <line num="17" count="0" type="stmt"/>
      <line num="20" count="5" type="stmt"/>
      <line num="21" count="5" type="cond" truecount="2" falsecount="8"/>
      <line num="23" count="3" type="stmt"/>
      <line num="25" count="2" type="stmt"/>
      <line num="27" count="0" type="stmt"/>
      <line num="29" count="0" type="stmt"/>
      <line num="31" count="0" type="stmt"/>
      <line num="33" count="0" type="stmt"/>
      <line num="35" count="0" type="stmt"/>
      <line num="37" count="0" type="stmt"/>
      <line num="39" count="0" type="stmt"/>
      <line num="41" count="0" type="cond" truecount="0" falsecount="2"/>
      <line num="44" count="0" type="stmt"/>
      <line num="49" count="3" type="stmt"/>
      <line num="50" count="3" type="stmt"/>
      <line num="51" count="2" type="cond" truecount="0" falsecount="1"/>
      <line num="53" count="2" type="stmt"/>
      <line num="54" count="2" type="cond" truecount="0" falsecount="1"/>
      <line num="56" count="2" type="stmt"/>
      <line num="57" count="2" type="stmt"/>
      <line num="59" count="2" type="stmt"/>
      <line num="60" count="2" type="stmt"/>
      <line num="65" count="8" type="stmt"/>
      <line num="67" count="1" type="stmt"/>
      <line num="72" count="2" type="cond" truecount="3" falsecount="0"/>
      <line num="73" count="1" type="stmt"/>
      <line num="76" count="1" type="stmt"/>
      <line num="77" count="1" type="stmt"/>
      <line num="81" count="0" type="stmt"/>
      <line num="82" count="0" type="stmt"/>
      <line num="83" count="0" type="cond" truecount="0" falsecount="1"/>
      <line num="85" count="0" type="stmt"/>
      <line num="86" count="0" type="cond" truecount="0" falsecount="1"/>
      <line num="88" count="0" type="stmt"/>
      <line num="90" count="0" type="stmt"/>
      <line num="96" count="0" type="cond" truecount="0" falsecount="2"/>
      <line num="100" count="0" type="stmt"/>
      <line num="101" count="0" type="stmt"/>
      <line num="102" count="0" type="cond" truecount="0" falsecount="1"/>
      <line num="104" count="0" type="stmt"/>
      <line num="105" count="0" type="cond" truecount="0" falsecount="2"/>
      <line num="107" count="0" type="stmt"/>
      <line num="112" count="0" type="stmt"/>
      <line num="116" count="0" type="cond" truecount="0" falsecount="1"/>
      <line num="117" count="0" type="stmt"/>
      <line num="119" count="0" type="stmt"/>
      <line num="123" count="0" type="cond" truecount="0" falsecount="3"/>
      <line num="124" count="0" type="stmt"/>
      <line num="127" count="0" type="stmt"/>
      <line num="128" count="0" type="stmt"/>
      <line num="129" count="0" type="stmt"/>
      <line num="131" count="0" type="stmt"/>
    </file>
    <file name="FeeBreakdown.ts" path="/home/Jamie/Dokumente/Git/FreetimeSDK-NPM/src/FeeBreakdown.ts">
      <metrics statements="10" coveredstatements="9" conditionals="0" coveredconditionals="0" methods="2" coveredmethods="1"/>
      <line num="3" count="1" type="stmt"/>
      <line num="5" count="1" type="stmt"/>
      <line num="6" count="1" type="stmt"/>
      <line num="7" count="1" type="stmt"/>
      <line num="8" count="1" type="stmt"/>
      <line num="9" count="1" type="stmt"/>
      <line num="10" count="1" type="stmt"/>
      <line num="11" count="1" type="stmt"/>
      <line num="12" count="1" type="stmt"/>
      <line num="16" count="0" type="stmt"/>
    </file>
    <file name="FeeManager.ts" path="/home/Jamie/Dokumente/Git/FreetimeSDK-NPM/src/FeeManager.ts">
      <metrics statements="26" coveredstatements="20" conditionals="11" coveredconditionals="7" methods="7" coveredmethods="4"/>
      <line num="1" count="1" type="stmt"/>
      <line num="3" count="1" type="stmt"/>
      <line num="4" count="10" type="stmt"/>
      <line num="17" count="7" type="stmt"/>
      <line num="19" count="7" type="cond" truecount="1" falsecount="0"/>
      <line num="20" count="6" type="cond" truecount="1" falsecount="0"/>
      <line num="21" count="5" type="cond" truecount="1" falsecount="0"/>
      <line num="22" count="4" type="cond" truecount="1" falsecount="0"/>
      <line num="23" count="3" type="cond" truecount="1" falsecount="0"/>
      <line num="24" count="1" type="stmt"/>
      <line num="28" count="3" type="stmt"/>
      <line num="30" count="3" type="cond" truecount="1" falsecount="0"/>
      <line num="31" count="2" type="cond" truecount="0" falsecount="1"/>
      <line num="32" count="2" type="cond" truecount="0" falsecount="1"/>
      <line num="33" count="2" type="cond" truecount="1" falsecount="0"/>
      <line num="34" count="1" type="cond" truecount="0" falsecount="1"/>
      <line num="35" count="1" type="stmt"/>
      <line num="39" count="1" type="stmt"/>
      <line num="40" count="1" type="cond" truecount="0" falsecount="1"/>
      <line num="41" count="0" type="stmt"/>
      <line num="43" count="1" type="stmt"/>
      <line num="47" count="0" type="stmt"/>
      <line num="51" count="0" type="stmt"/>
      <line num="52" count="0" type="stmt"/>
      <line num="56" count="0" type="stmt"/>
      <line num="57" count="0" type="stmt"/>
    </file>
    <file name="FreetimePaymentSDK.ts" path="/home/Jamie/Dokumente/Git/FreetimeSDK-NPM/src/FreetimePaymentSDK.ts">
      <metrics statements="54" coveredstatements="41" conditionals="6" coveredconditionals="0" methods="17" coveredmethods="15"/>
      <line num="1" count="1" type="stmt"/>
      <line num="10" count="1" type="stmt"/>
      <line num="11" count="1" type="stmt"/>
      <line num="12" count="1" type="stmt"/>
      <line num="13" count="1" type="stmt"/>
      <line num="14" count="1" type="stmt"/>
      <line num="16" count="1" type="stmt"/>
      <line num="17" count="10" type="stmt"/>
      <line num="19" count="10" type="stmt"/>
      <line num="22" count="10" type="stmt"/>
      <line num="23" count="10" type="stmt"/>
      <line num="27" count="10" type="stmt"/>
      <line num="28" count="90" type="stmt"/>
      <line num="33" count="9" type="stmt"/>
      <line num="34" count="9" type="stmt"/>
      <line num="35" count="9" type="stmt"/>
      <line num="39" count="1" type="stmt"/>
      <line num="40" count="1" type="cond" truecount="0" falsecount="1"/>
      <line num="41" count="0" type="stmt"/>
      <line num="44" count="1" type="stmt"/>
      <line num="45" count="1" type="cond" truecount="0" falsecount="1"/>
      <line num="46" count="0" type="stmt"/>
      <line num="49" count="1" type="stmt"/>
      <line num="58" count="1" type="stmt"/>
      <line num="59" count="1" type="cond" truecount="0" falsecount="1"/>
      <line num="60" count="0" type="stmt"/>
      <line num="63" count="1" type="cond" truecount="0" falsecount="1"/>
      <line num="64" count="0" type="stmt"/>
      <line num="67" count="1" type="stmt"/>
      <line num="68" count="1" type="cond" truecount="0" falsecount="1"/>
      <line num="69" count="0" type="stmt"/>
      <line num="72" count="1" type="stmt"/>
      <line num="73" count="1" type="stmt"/>
      <line num="74" count="1" type="stmt"/>
      <line num="75" count="1" type="stmt"/>
      <line num="76" count="1" type="stmt"/>
      <line num="78" count="1" type="stmt"/>
      <line num="89" count="1" type="stmt"/>
      <line num="98" count="1" type="stmt"/>
      <line num="107" count="0" type="stmt"/>
      <line num="108" count="0" type="cond" truecount="0" falsecount="1"/>
      <line num="109" count="0" type="stmt"/>
      <line num="112" count="0" type="stmt"/>
      <line num="113" count="0" type="stmt"/>
      <line num="114" count="0" type="stmt"/>
      <line num="116" count="0" type="stmt"/>
      <line num="120" count="2" type="stmt"/>
      <line num="124" count="1" type="stmt"/>
      <line num="128" count="6" type="stmt"/>
      <line num="132" count="5" type="stmt"/>
      <line num="137" count="90" type="stmt"/>
      <line num="140" count="1" type="stmt"/>
      <line num="144" count="0" type="stmt"/>
      <line num="155" count="1" type="stmt"/>
    </file>
    <file name="Transaction.ts" path="/home/Jamie/Dokumente/Git/FreetimeSDK-NPM/src/Transaction.ts">
      <metrics statements="19" coveredstatements="12" conditionals="2" coveredconditionals="2" methods="5" coveredmethods="2"/>
      <line num="4" count="1" type="stmt"/>
      <line num="6" count="1" type="stmt"/>
      <line num="7" count="1" type="stmt"/>
      <line num="8" count="1" type="stmt"/>
      <line num="9" count="1" type="stmt"/>
      <line num="10" count="1" type="stmt"/>
      <line num="11" count="1" type="stmt"/>
      <line num="12" count="1" type="cond" truecount="1" falsecount="0"/>
      <line num="13" count="1" type="cond" truecount="1" falsecount="0"/>
      <line num="17" count="1" type="stmt"/>
      <line num="19" count="1" type="stmt"/>
      <line num="20" count="1" type="stmt"/>
      <line num="24" count="0" type="stmt"/>
      <line num="26" count="0" type="stmt"/>
      <line num="27" count="0" type="stmt"/>
      <line num="29" count="0" type="stmt"/>
      <line num="31" count="0" type="stmt"/>
      <line num="32" count="0" type="stmt"/>
      <line num="36" count="0" type="stmt"/>
    </file>
    <file name="Wallet.ts" path="/home/Jamie/Dokumente/Git/FreetimeSDK-NPM/src/Wallet.ts">
      <metrics statements="58" coveredstatements="29" conditionals="6" coveredconditionals="2" methods="10" coveredmethods="4"/>
      <line num="1" count="1" type="stmt"/>
      <line num="2" count="1" type="stmt"/>
      <line num="3" count="1" type="stmt"/>
      <line num="4" count="1" type="stmt"/>
      <line num="10" count="1" type="stmt"/>
      <line num="12" count="9" type="stmt"/>
      <line num="13" count="9" type="stmt"/>
      <line num="14" count="9" type="stmt"/>
      <line num="15" count="9" type="stmt"/>
      <line num="16" count="9" type="stmt"/>
      <line num="20" count="9" type="stmt"/>
      <line num="21" count="9" type="stmt"/>
      <line num="22" count="9" type="stmt"/>
      <line num="23" count="9" type="stmt"/>
      <line num="27" count="9" type="cond" truecount="2" falsecount="4"/>
      <line num="29" count="6" type="stmt"/>
      <line num="30" count="6" type="stmt"/>
      <line num="32" count="3" type="stmt"/>
      <line num="33" count="3" type="stmt"/>
      <line num="35" count="0" type="stmt"/>
      <line num="36" count="0" type="stmt"/>
      <line num="38" count="0" type="stmt"/>
      <line num="39" count="0" type="stmt"/>
      <line num="41" count="0" type="stmt"/>
      <line num="42" count="0" type="stmt"/>
      <line num="44" count="0" type="stmt"/>
      <line num="47" count="9" type="stmt"/>
      <line num="51" count="6" type="stmt"/>
      <line num="52" count="6" type="stmt"/>
      <line num="54" count="6" type="stmt"/>
      <line num="55" count="6" type="stmt"/>
      <line num="56" count="6" type="stmt"/>
      <line num="58" count="6" type="stmt"/>
      <line num="62" count="3" type="stmt"/>
      <line num="63" count="3" type="stmt"/>
      <line num="64" count="3" type="stmt"/>
      <line num="68" count="0" type="stmt"/>
      <line num="69" count="0" type="stmt"/>
      <line num="71" count="0" type="stmt"/>
      <line num="72" count="0" type="stmt"/>
      <line num="73" count="0" type="stmt"/>
      <line num="75" count="0" type="stmt"/>
      <line num="80" count="0" type="stmt"/>
      <line num="81" count="0" type="stmt"/>
      <line num="84" count="0" type="stmt"/>
      <line num="85" count="0" type="stmt"/>
      <line num="86" count="0" type="stmt"/>
      <line num="88" count="0" type="stmt"/>
      <line num="92" count="0" type="stmt"/>
      <line num="93" count="0" type="stmt"/>
      <line num="95" count="0" type="stmt"/>
      <line num="96" count="0" type="stmt"/>
      <line num="97" count="0" type="stmt"/>
      <line num="99" count="0" type="stmt"/>
      <line num="103" count="0" type="stmt"/>
      <line num="104" count="0" type="stmt"/>
      <line num="108" count="0" type="stmt"/>
      <line num="112" count="0" type="stmt"/>
    </file>
    <file name="index.ts" path="/home/Jamie/Dokumente/Git/FreetimeSDK-NPM/src/index.ts">
      <metrics statements="9" coveredstatements="9" conditionals="0" coveredconditionals="0" methods="7" coveredmethods="1"/>
      <line num="1" count="11" type="stmt"/>
      <line num="2" count="1" type="stmt"/>
      <line num="3" count="1" type="stmt"/>
      <line num="4" count="1" type="stmt"/>
      <line num="5" count="1" type="stmt"/>
      <line num="6" count="1" type="stmt"/>
      <line num="8" count="1" type="stmt"/>
      <line num="10" count="1" type="stmt"/>
      <line num="11" count="1" type="stmt"/>
    </file>
    <file name="types.ts" path="/home/Jamie/Dokumente/Git/FreetimeSDK-NPM/src/types.ts">
      <metrics statements="11" coveredstatements="11" conditionals="2" coveredconditionals="2" methods="1" coveredmethods="1"/>
      <line num="1" count="1" type="cond" truecount="2" falsecount="0"/>
      <line num="2" count="1" type="stmt"/>
      <line num="3" count="1" type="stmt"/>
      <line num="4" count="1" type="stmt"/>
      <line num="5" count="1" type="stmt"/>
      <line num="6" count="1" type="stmt"/>
      <line num="7" count="1" type="stmt"/>
      <line num="8" count="1" type="stmt"/>
      <line num="9" count="1" type="stmt"/>
      <line num="10" count="1" type="stmt"/>
      <line num="13" count="1" type="stmt"/>
    </file>
  </project>
</coverage>
