{"/home/Jamie/Dokumente/Git/FreetimeSDK-NPM/src/CryptoUtils.ts": {"path":"/home/Jamie/Dokumente/Git/FreetimeSDK-NPM/src/CryptoUtils.ts","statementMap":{"0":{"start":{"line":1,"column":0},"end":{"line":1,"column":35}},"1":{"start":{"line":2,"column":0},"end":{"line":2,"column":24}},"2":{"start":{"line":10,"column":22},"end":{"line":10,"column":43}},"3":{"start":{"line":11,"column":19},"end":{"line":11,"column":58}},"4":{"start":{"line":12,"column":4},"end":{"line":12,"column":44}},"5":{"start":{"line":16,"column":4},"end":{"line":18,"column":5}},"6":{"start":{"line":17,"column":6},"end":{"line":17,"column":19}},"7":{"start":{"line":20,"column":4},"end":{"line":45,"column":5}},"8":{"start":{"line":21,"column":6},"end":{"line":42,"column":7}},"9":{"start":{"line":23,"column":10},"end":{"line":23,"column":61}},"10":{"start":{"line":25,"column":10},"end":{"line":25,"column":62}},"11":{"start":{"line":27,"column":10},"end":{"line":27,"column":62}},"12":{"start":{"line":29,"column":10},"end":{"line":29,"column":65}},"13":{"start":{"line":31,"column":10},"end":{"line":31,"column":62}},"14":{"start":{"line":33,"column":10},"end":{"line":33,"column":60}},"15":{"start":{"line":35,"column":10},"end":{"line":35,"column":62}},"16":{"start":{"line":37,"column":10},"end":{"line":37,"column":65}},"17":{"start":{"line":39,"column":10},"end":{"line":39,"column":58}},"18":{"start":{"line":41,"column":10},"end":{"line":41,"column":62}},"19":{"start":{"line":44,"column":6},"end":{"line":44,"column":19}},"20":{"start":{"line":49,"column":4},"end":{"line":68,"column":5}},"21":{"start":{"line":50,"column":22},"end":{"line":50,"column":42}},"22":{"start":{"line":51,"column":6},"end":{"line":51,"column":46}},"23":{"start":{"line":51,"column":33},"end":{"line":51,"column":46}},"24":{"start":{"line":53,"column":22},"end":{"line":53,"column":32}},"25":{"start":{"line":54,"column":6},"end":{"line":54,"column":41}},"26":{"start":{"line":54,"column":28},"end":{"line":54,"column":41}},"27":{"start":{"line":56,"column":23},"end":{"line":56,"column":40}},"28":{"start":{"line":57,"column":19},"end":{"line":57,"column":39}},"29":{"start":{"line":59,"column":21},"end":{"line":59,"column":38}},"30":{"start":{"line":60,"column":33},"end":{"line":63,"column":20}},"31":{"start":{"line":65,"column":6},"end":{"line":65,"column":71}},"32":{"start":{"line":65,"column":40},"end":{"line":65,"column":69}},"33":{"start":{"line":67,"column":6},"end":{"line":67,"column":19}},"34":{"start":{"line":72,"column":4},"end":{"line":74,"column":5}},"35":{"start":{"line":73,"column":6},"end":{"line":73,"column":19}},"36":{"start":{"line":76,"column":20},"end":{"line":76,"column":40}},"37":{"start":{"line":77,"column":4},"end":{"line":77,"column":42}},"38":{"start":{"line":81,"column":4},"end":{"line":91,"column":5}},"39":{"start":{"line":82,"column":22},"end":{"line":82,"column":42}},"40":{"start":{"line":83,"column":6},"end":{"line":83,"column":46}},"41":{"start":{"line":83,"column":33},"end":{"line":83,"column":46}},"42":{"start":{"line":85,"column":22},"end":{"line":85,"column":32}},"43":{"start":{"line":86,"column":6},"end":{"line":86,"column":41}},"44":{"start":{"line":86,"column":28},"end":{"line":86,"column":41}},"45":{"start":{"line":88,"column":6},"end":{"line":88,"column":18}},"46":{"start":{"line":90,"column":6},"end":{"line":90,"column":19}},"47":{"start":{"line":96,"column":4},"end":{"line":96,"column":80}},"48":{"start":{"line":100,"column":4},"end":{"line":108,"column":5}},"49":{"start":{"line":101,"column":22},"end":{"line":101,"column":42}},"50":{"start":{"line":102,"column":6},"end":{"line":102,"column":46}},"51":{"start":{"line":102,"column":33},"end":{"line":102,"column":46}},"52":{"start":{"line":104,"column":22},"end":{"line":104,"column":32}},"53":{"start":{"line":105,"column":6},"end":{"line":105,"column":50}},"54":{"start":{"line":107,"column":6},"end":{"line":107,"column":19}},"55":{"start":{"line":112,"column":4},"end":{"line":112,"column":57}},"56":{"start":{"line":116,"column":4},"end":{"line":118,"column":5}},"57":{"start":{"line":117,"column":6},"end":{"line":117,"column":69}},"58":{"start":{"line":119,"column":4},"end":{"line":119,"column":56}},"59":{"start":{"line":123,"column":4},"end":{"line":125,"column":5}},"60":{"start":{"line":124,"column":6},"end":{"line":124,"column":19}},"61":{"start":{"line":127,"column":4},"end":{"line":132,"column":5}},"62":{"start":{"line":128,"column":6},"end":{"line":128,"column":27}},"63":{"start":{"line":129,"column":6},"end":{"line":129,"column":18}},"64":{"start":{"line":131,"column":6},"end":{"line":131,"column":19}},"65":{"start":{"line":8,"column":0},"end":{"line":8,"column":13}}},"fnMap":{"0":{"name":"(anonymous_1)","decl":{"start":{"line":9,"column":2},"end":{"line":9,"column":8}},"loc":{"start":{"line":9,"column":32},"end":{"line":13,"column":3}}},"1":{"name":"(anonymous_2)","decl":{"start":{"line":15,"column":2},"end":{"line":15,"column":8}},"loc":{"start":{"line":15,"column":60},"end":{"line":46,"column":3}}},"2":{"name":"(anonymous_3)","decl":{"start":{"line":48,"column":10},"end":{"line":48,"column":16}},"loc":{"start":{"line":48,"column":55},"end":{"line":69,"column":3}}},"3":{"name":"(anonymous_4)","decl":{"start":{"line":65,"column":28},"end":{"line":65,"column":29}},"loc":{"start":{"line":65,"column":40},"end":{"line":65,"column":69}}},"4":{"name":"(anonymous_5)","decl":{"start":{"line":71,"column":10},"end":{"line":71,"column":16}},"loc":{"start":{"line":71,"column":56},"end":{"line":78,"column":3}}},"5":{"name":"(anonymous_6)","decl":{"start":{"line":80,"column":10},"end":{"line":80,"column":16}},"loc":{"start":{"line":80,"column":56},"end":{"line":92,"column":3}}},"6":{"name":"(anonymous_7)","decl":{"start":{"line":94,"column":10},"end":{"line":94,"column":16}},"loc":{"start":{"line":94,"column":59},"end":{"line":97,"column":3}}},"7":{"name":"(anonymous_8)","decl":{"start":{"line":99,"column":10},"end":{"line":99,"column":16}},"loc":{"start":{"line":99,"column":56},"end":{"line":109,"column":3}}},"8":{"name":"(anonymous_9)","decl":{"start":{"line":111,"column":10},"end":{"line":111,"column":16}},"loc":{"start":{"line":111,"column":54},"end":{"line":113,"column":3}}},"9":{"name":"(anonymous_10)","decl":{"start":{"line":115,"column":10},"end":{"line":115,"column":16}},"loc":{"start":{"line":115,"column":59},"end":{"line":120,"column":3}}},"10":{"name":"(anonymous_11)","decl":{"start":{"line":122,"column":10},"end":{"line":122,"column":16}},"loc":{"start":{"line":122,"column":52},"end":{"line":133,"column":3}}}},"branchMap":{"0":{"loc":{"start":{"line":16,"column":4},"end":{"line":18,"column":5}},"type":"if","locations":[{"start":{"line":16,"column":4},"end":{"line":18,"column":5}}]},"1":{"loc":{"start":{"line":16,"column":8},"end":{"line":16,"column":40}},"type":"binary-expr","locations":[{"start":{"line":16,"column":8},"end":{"line":16,"column":16}},{"start":{"line":16,"column":20},"end":{"line":16,"column":40}}]},"2":{"loc":{"start":{"line":21,"column":6},"end":{"line":42,"column":7}},"type":"switch","locations":[{"start":{"line":22,"column":8},"end":{"line":23,"column":61}},{"start":{"line":24,"column":8},"end":{"line":25,"column":62}},{"start":{"line":26,"column":8},"end":{"line":27,"column":62}},{"start":{"line":28,"column":8},"end":{"line":29,"column":65}},{"start":{"line":30,"column":8},"end":{"line":31,"column":62}},{"start":{"line":32,"column":8},"end":{"line":33,"column":60}},{"start":{"line":34,"column":8},"end":{"line":35,"column":62}},{"start":{"line":36,"column":8},"end":{"line":37,"column":65}},{"start":{"line":38,"column":8},"end":{"line":39,"column":58}},{"start":{"line":40,"column":8},"end":{"line":41,"column":62}}]},"3":{"loc":{"start":{"line":41,"column":17},"end":{"line":41,"column":61}},"type":"binary-expr","locations":[{"start":{"line":41,"column":17},"end":{"line":41,"column":37}},{"start":{"line":41,"column":41},"end":{"line":41,"column":61}}]},"4":{"loc":{"start":{"line":51,"column":6},"end":{"line":51,"column":46}},"type":"if","locations":[{"start":{"line":51,"column":6},"end":{"line":51,"column":46}}]},"5":{"loc":{"start":{"line":54,"column":6},"end":{"line":54,"column":41}},"type":"if","locations":[{"start":{"line":54,"column":6},"end":{"line":54,"column":41}}]},"6":{"loc":{"start":{"line":72,"column":4},"end":{"line":74,"column":5}},"type":"if","locations":[{"start":{"line":72,"column":4},"end":{"line":74,"column":5}}]},"7":{"loc":{"start":{"line":72,"column":8},"end":{"line":72,"column":58}},"type":"binary-expr","locations":[{"start":{"line":72,"column":8},"end":{"line":72,"column":33}},{"start":{"line":72,"column":37},"end":{"line":72,"column":58}}]},"8":{"loc":{"start":{"line":83,"column":6},"end":{"line":83,"column":46}},"type":"if","locations":[{"start":{"line":83,"column":6},"end":{"line":83,"column":46}}]},"9":{"loc":{"start":{"line":86,"column":6},"end":{"line":86,"column":41}},"type":"if","locations":[{"start":{"line":86,"column":6},"end":{"line":86,"column":41}}]},"10":{"loc":{"start":{"line":96,"column":11},"end":{"line":96,"column":79}},"type":"binary-expr","locations":[{"start":{"line":96,"column":11},"end":{"line":96,"column":45}},{"start":{"line":96,"column":49},"end":{"line":96,"column":79}}]},"11":{"loc":{"start":{"line":102,"column":6},"end":{"line":102,"column":46}},"type":"if","locations":[{"start":{"line":102,"column":6},"end":{"line":102,"column":46}}]},"12":{"loc":{"start":{"line":105,"column":13},"end":{"line":105,"column":49}},"type":"binary-expr","locations":[{"start":{"line":105,"column":13},"end":{"line":105,"column":29}},{"start":{"line":105,"column":33},"end":{"line":105,"column":49}}]},"13":{"loc":{"start":{"line":116,"column":4},"end":{"line":118,"column":5}},"type":"if","locations":[{"start":{"line":116,"column":4},"end":{"line":118,"column":5}}]},"14":{"loc":{"start":{"line":123,"column":4},"end":{"line":125,"column":5}},"type":"if","locations":[{"start":{"line":123,"column":4},"end":{"line":125,"column":5}}]},"15":{"loc":{"start":{"line":123,"column":8},"end":{"line":123,"column":57}},"type":"binary-expr","locations":[{"start":{"line":123,"column":8},"end":{"line":123,"column":32}},{"start":{"line":123,"column":36},"end":{"line":123,"column":57}}]}},"s":{"0":1,"1":1,"2":1,"3":1,"4":1,"5":5,"6":0,"7":5,"8":5,"9":3,"10":2,"11":0,"12":0,"13":0,"14":0,"15":0,"16":0,"17":0,"18":0,"19":0,"20":3,"21":3,"22":2,"23":0,"24":2,"25":2,"26":0,"27":2,"28":2,"29":2,"30":2,"31":2,"32":8,"33":1,"34":2,"35":1,"36":1,"37":1,"38":0,"39":0,"40":0,"41":0,"42":0,"43":0,"44":0,"45":0,"46":0,"47":0,"48":0,"49":0,"50":0,"51":0,"52":0,"53":0,"54":0,"55":0,"56":0,"57":0,"58":0,"59":0,"60":0,"61":0,"62":0,"63":0,"64":0,"65":1},"f":{"0":1,"1":5,"2":3,"3":8,"4":2,"5":0,"6":0,"7":0,"8":0,"9":0,"10":0},"b":{"0":[0],"1":[5,5],"2":[3,2,0,0,0,0,0,0,0,0],"3":[0,0],"4":[0],"5":[0],"6":[1],"7":[2,2],"8":[0],"9":[0],"10":[0,0],"11":[0],"12":[0,0],"13":[0],"14":[0],"15":[0,0]}}
,"/home/Jamie/Dokumente/Git/FreetimeSDK-NPM/src/FeeBreakdown.ts": {"path":"/home/Jamie/Dokumente/Git/FreetimeSDK-NPM/src/FeeBreakdown.ts","statementMap":{"0":{"start":{"line":5,"column":11},"end":{"line":5,"column":33}},"1":{"start":{"line":6,"column":11},"end":{"line":6,"column":29}},"2":{"start":{"line":7,"column":11},"end":{"line":7,"column":31}},"3":{"start":{"line":8,"column":11},"end":{"line":8,"column":41}},"4":{"start":{"line":9,"column":11},"end":{"line":9,"column":27}},"5":{"start":{"line":10,"column":11},"end":{"line":10,"column":36}},"6":{"start":{"line":11,"column":11},"end":{"line":11,"column":34}},"7":{"start":{"line":12,"column":11},"end":{"line":12,"column":29}},"8":{"start":{"line":16,"column":4},"end":{"line":22,"column":43}},"9":{"start":{"line":3,"column":0},"end":{"line":3,"column":13}}},"fnMap":{"0":{"name":"(anonymous_0)","decl":{"start":{"line":4,"column":2},"end":{"line":4,"column":null}},"loc":{"start":{"line":12,"column":29},"end":{"line":13,"column":6}}},"1":{"name":"(anonymous_1)","decl":{"start":{"line":15,"column":2},"end":{"line":15,"column":23}},"loc":{"start":{"line":15,"column":23},"end":{"line":23,"column":3}}}},"branchMap":{},"s":{"0":1,"1":1,"2":1,"3":1,"4":1,"5":1,"6":1,"7":1,"8":0,"9":1},"f":{"0":1,"1":0},"b":{}}
,"/home/Jamie/Dokumente/Git/FreetimeSDK-NPM/src/FeeManager.ts": {"path":"/home/Jamie/Dokumente/Git/FreetimeSDK-NPM/src/FeeManager.ts","statementMap":{"0":{"start":{"line":1,"column":0},"end":{"line":1,"column":47}},"1":{"start":{"line":4,"column":10},"end":{"line":14,"column":5}},"2":{"start":{"line":17,"column":22},"end":{"line":17,"column":40}},"3":{"start":{"line":19,"column":4},"end":{"line":19,"column":41}},"4":{"start":{"line":19,"column":27},"end":{"line":19,"column":41}},"5":{"start":{"line":20,"column":4},"end":{"line":20,"column":39}},"6":{"start":{"line":20,"column":26},"end":{"line":20,"column":39}},"7":{"start":{"line":21,"column":4},"end":{"line":21,"column":39}},"8":{"start":{"line":21,"column":25},"end":{"line":21,"column":39}},"9":{"start":{"line":22,"column":4},"end":{"line":22,"column":38}},"10":{"start":{"line":22,"column":24},"end":{"line":22,"column":38}},"11":{"start":{"line":23,"column":4},"end":{"line":23,"column":39}},"12":{"start":{"line":23,"column":26},"end":{"line":23,"column":39}},"13":{"start":{"line":24,"column":4},"end":{"line":24,"column":17}},"14":{"start":{"line":28,"column":22},"end":{"line":28,"column":40}},"15":{"start":{"line":30,"column":4},"end":{"line":30,"column":57}},"16":{"start":{"line":30,"column":27},"end":{"line":30,"column":57}},"17":{"start":{"line":31,"column":4},"end":{"line":31,"column":53}},"18":{"start":{"line":31,"column":26},"end":{"line":31,"column":53}},"19":{"start":{"line":32,"column":4},"end":{"line":32,"column":55}},"20":{"start":{"line":32,"column":25},"end":{"line":32,"column":55}},"21":{"start":{"line":33,"column":4},"end":{"line":33,"column":49}},"22":{"start":{"line":33,"column":24},"end":{"line":33,"column":49}},"23":{"start":{"line":34,"column":4},"end":{"line":34,"column":50}},"24":{"start":{"line":34,"column":26},"end":{"line":34,"column":50}},"25":{"start":{"line":35,"column":4},"end":{"line":35,"column":27}},"26":{"start":{"line":39,"column":19},"end":{"line":39,"column":54}},"27":{"start":{"line":40,"column":4},"end":{"line":42,"column":5}},"28":{"start":{"line":41,"column":6},"end":{"line":41,"column":73}},"29":{"start":{"line":43,"column":4},"end":{"line":43,"column":18}},"30":{"start":{"line":47,"column":4},"end":{"line":47,"column":42}},"31":{"start":{"line":51,"column":4},"end":{"line":51,"column":49}},"32":{"start":{"line":52,"column":4},"end":{"line":52,"column":16}},"33":{"start":{"line":56,"column":4},"end":{"line":56,"column":45}},"34":{"start":{"line":57,"column":4},"end":{"line":57,"column":16}},"35":{"start":{"line":3,"column":0},"end":{"line":3,"column":13}}},"fnMap":{"0":{"name":"(anonymous_0)","decl":{"start":{"line":3,"column":0},"end":{"line":3,"column":13}},"loc":{"start":{"line":3,"column":0},"end":{"line":59,"column":1}}},"1":{"name":"(anonymous_1)","decl":{"start":{"line":16,"column":2},"end":{"line":16,"column":27}},"loc":{"start":{"line":16,"column":42},"end":{"line":25,"column":3}}},"2":{"name":"(anonymous_2)","decl":{"start":{"line":27,"column":2},"end":{"line":27,"column":12}},"loc":{"start":{"line":27,"column":27},"end":{"line":36,"column":3}}},"3":{"name":"(anonymous_3)","decl":{"start":{"line":38,"column":2},"end":{"line":38,"column":27}},"loc":{"start":{"line":38,"column":46},"end":{"line":44,"column":3}}},"4":{"name":"(anonymous_4)","decl":{"start":{"line":46,"column":2},"end":{"line":46,"column":24}},"loc":{"start":{"line":46,"column":24},"end":{"line":48,"column":3}}},"5":{"name":"(anonymous_5)","decl":{"start":{"line":50,"column":2},"end":{"line":50,"column":23}},"loc":{"start":{"line":50,"column":59},"end":{"line":53,"column":3}}},"6":{"name":"(anonymous_6)","decl":{"start":{"line":55,"column":2},"end":{"line":55,"column":27}},"loc":{"start":{"line":55,"column":58},"end":{"line":58,"column":3}}}},"branchMap":{"0":{"loc":{"start":{"line":19,"column":4},"end":{"line":19,"column":41}},"type":"if","locations":[{"start":{"line":19,"column":4},"end":{"line":19,"column":41}}]},"1":{"loc":{"start":{"line":20,"column":4},"end":{"line":20,"column":39}},"type":"if","locations":[{"start":{"line":20,"column":4},"end":{"line":20,"column":39}}]},"2":{"loc":{"start":{"line":21,"column":4},"end":{"line":21,"column":39}},"type":"if","locations":[{"start":{"line":21,"column":4},"end":{"line":21,"column":39}}]},"3":{"loc":{"start":{"line":22,"column":4},"end":{"line":22,"column":38}},"type":"if","locations":[{"start":{"line":22,"column":4},"end":{"line":22,"column":38}}]},"4":{"loc":{"start":{"line":23,"column":4},"end":{"line":23,"column":39}},"type":"if","locations":[{"start":{"line":23,"column":4},"end":{"line":23,"column":39}}]},"5":{"loc":{"start":{"line":30,"column":4},"end":{"line":30,"column":57}},"type":"if","locations":[{"start":{"line":30,"column":4},"end":{"line":30,"column":57}}]},"6":{"loc":{"start":{"line":31,"column":4},"end":{"line":31,"column":53}},"type":"if","locations":[{"start":{"line":31,"column":4},"end":{"line":31,"column":53}}]},"7":{"loc":{"start":{"line":32,"column":4},"end":{"line":32,"column":55}},"type":"if","locations":[{"start":{"line":32,"column":4},"end":{"line":32,"column":55}}]},"8":{"loc":{"start":{"line":33,"column":4},"end":{"line":33,"column":49}},"type":"if","locations":[{"start":{"line":33,"column":4},"end":{"line":33,"column":49}}]},"9":{"loc":{"start":{"line":34,"column":4},"end":{"line":34,"column":50}},"type":"if","locations":[{"start":{"line":34,"column":4},"end":{"line":34,"column":50}}]},"10":{"loc":{"start":{"line":40,"column":4},"end":{"line":42,"column":5}},"type":"if","locations":[{"start":{"line":40,"column":4},"end":{"line":42,"column":5}}]}},"s":{"0":1,"1":10,"2":7,"3":7,"4":1,"5":6,"6":1,"7":5,"8":1,"9":4,"10":1,"11":3,"12":2,"13":1,"14":3,"15":3,"16":1,"17":2,"18":0,"19":2,"20":0,"21":2,"22":1,"23":1,"24":0,"25":1,"26":1,"27":1,"28":0,"29":1,"30":0,"31":0,"32":0,"33":0,"34":0,"35":1},"f":{"0":10,"1":7,"2":3,"3":1,"4":0,"5":0,"6":0},"b":{"0":[1],"1":[1],"2":[1],"3":[1],"4":[2],"5":[1],"6":[0],"7":[0],"8":[1],"9":[0],"10":[0]}}
,"/home/Jamie/Dokumente/Git/FreetimeSDK-NPM/src/FreetimePaymentSDK.ts": {"path":"/home/Jamie/Dokumente/Git/FreetimeSDK-NPM/src/FreetimePaymentSDK.ts","statementMap":{"0":{"start":{"line":1,"column":0},"end":{"line":1,"column":null}},"1":{"start":{"line":10,"column":0},"end":{"line":10,"column":38}},"2":{"start":{"line":11,"column":0},"end":{"line":11,"column":73}},"3":{"start":{"line":12,"column":0},"end":{"line":12,"column":46}},"4":{"start":{"line":13,"column":0},"end":{"line":13,"column":50}},"5":{"start":{"line":14,"column":0},"end":{"line":14,"column":44}},"6":{"start":{"line":17,"column":10},"end":{"line":17,"column":33}},"7":{"start":{"line":19,"column":10},"end":{"line":19,"column":72}},"8":{"start":{"line":22,"column":4},"end":{"line":22,"column":43}},"9":{"start":{"line":23,"column":4},"end":{"line":23,"column":38}},"10":{"start":{"line":27,"column":4},"end":{"line":29,"column":5}},"11":{"start":{"line":28,"column":6},"end":{"line":28,"column":77}},"12":{"start":{"line":33,"column":19},"end":{"line":33,"column":52}},"13":{"start":{"line":34,"column":4},"end":{"line":34,"column":30}},"14":{"start":{"line":35,"column":4},"end":{"line":35,"column":18}},"15":{"start":{"line":39,"column":19},"end":{"line":39,"column":64}},"16":{"start":{"line":39,"column":42},"end":{"line":39,"column":63}},"17":{"start":{"line":40,"column":4},"end":{"line":42,"column":5}},"18":{"start":{"line":41,"column":6},"end":{"line":41,"column":66}},"19":{"start":{"line":44,"column":21},"end":{"line":44,"column":63}},"20":{"start":{"line":45,"column":4},"end":{"line":47,"column":5}},"21":{"start":{"line":46,"column":6},"end":{"line":46,"column":75}},"22":{"start":{"line":49,"column":4},"end":{"line":49,"column":46}},"23":{"start":{"line":58,"column":23},"end":{"line":58,"column":72}},"24":{"start":{"line":58,"column":46},"end":{"line":58,"column":71}},"25":{"start":{"line":59,"column":4},"end":{"line":61,"column":5}},"26":{"start":{"line":60,"column":6},"end":{"line":60,"column":65}},"27":{"start":{"line":63,"column":4},"end":{"line":65,"column":5}},"28":{"start":{"line":64,"column":6},"end":{"line":64,"column":65}},"29":{"start":{"line":67,"column":21},"end":{"line":67,"column":56}},"30":{"start":{"line":68,"column":4},"end":{"line":70,"column":5}},"31":{"start":{"line":69,"column":6},"end":{"line":69,"column":68}},"32":{"start":{"line":72,"column":23},"end":{"line":72,"column":71}},"33":{"start":{"line":73,"column":35},"end":{"line":73,"column":84}},"34":{"start":{"line":74,"column":25},"end":{"line":74,"column":99}},"35":{"start":{"line":75,"column":21},"end":{"line":75,"column":83}},"36":{"start":{"line":76,"column":30},"end":{"line":76,"column":84}},"37":{"start":{"line":78,"column":25},"end":{"line":86,"column":null}},"38":{"start":{"line":89,"column":24},"end":{"line":95,"column":null}},"39":{"start":{"line":98,"column":4},"end":{"line":98,"column":66}},"40":{"start":{"line":107,"column":21},"end":{"line":107,"column":56}},"41":{"start":{"line":108,"column":4},"end":{"line":110,"column":5}},"42":{"start":{"line":109,"column":6},"end":{"line":109,"column":68}},"43":{"start":{"line":112,"column":23},"end":{"line":112,"column":71}},"44":{"start":{"line":113,"column":35},"end":{"line":113,"column":84}},"45":{"start":{"line":114,"column":25},"end":{"line":114,"column":99}},"46":{"start":{"line":116,"column":4},"end":{"line":116,"column":74}},"47":{"start":{"line":120,"column":4},"end":{"line":120,"column":27}},"48":{"start":{"line":124,"column":4},"end":{"line":124,"column":29}},"49":{"start":{"line":128,"column":4},"end":{"line":128,"column":61}},"50":{"start":{"line":128,"column":36},"end":{"line":128,"column":59}},"51":{"start":{"line":132,"column":4},"end":{"line":132,"column":58}},"52":{"start":{"line":16,"column":0},"end":{"line":16,"column":13}},"53":{"start":{"line":137,"column":22},"end":{"line":137,"column":40}},"54":{"start":{"line":140,"column":4},"end":{"line":140,"column":43}},"55":{"start":{"line":144,"column":4},"end":{"line":151,"column":6}},"56":{"start":{"line":155,"column":4},"end":{"line":155,"column":46}}},"fnMap":{"0":{"name":"(anonymous_0)","decl":{"start":{"line":21,"column":2},"end":{"line":21,"column":null}},"loc":{"start":{"line":21,"column":2},"end":{"line":24,"column":3}}},"1":{"name":"(anonymous_1)","decl":{"start":{"line":26,"column":10},"end":{"line":26,"column":36}},"loc":{"start":{"line":26,"column":36},"end":{"line":30,"column":3}}},"2":{"name":"(anonymous_2)","decl":{"start":{"line":32,"column":2},"end":{"line":32,"column":14}},"loc":{"start":{"line":32,"column":48},"end":{"line":36,"column":3}}},"3":{"name":"(anonymous_3)","decl":{"start":{"line":38,"column":2},"end":{"line":38,"column":7}},"loc":{"start":{"line":38,"column":34},"end":{"line":50,"column":3}}},"4":{"name":"(anonymous_4)","decl":{"start":{"line":39,"column":37},"end":{"line":39,"column":38}},"loc":{"start":{"line":39,"column":42},"end":{"line":39,"column":63}}},"5":{"name":"(anonymous_5)","decl":{"start":{"line":52,"column":2},"end":{"line":52,"column":7}},"loc":{"start":{"line":56,"column":22},"end":{"line":99,"column":3}}},"6":{"name":"(anonymous_6)","decl":{"start":{"line":58,"column":41},"end":{"line":58,"column":42}},"loc":{"start":{"line":58,"column":46},"end":{"line":58,"column":71}}},"7":{"name":"(anonymous_7)","decl":{"start":{"line":101,"column":2},"end":{"line":101,"column":7}},"loc":{"start":{"line":105,"column":22},"end":{"line":117,"column":3}}},"8":{"name":"(anonymous_8)","decl":{"start":{"line":119,"column":2},"end":{"line":119,"column":15}},"loc":{"start":{"line":119,"column":15},"end":{"line":121,"column":3}}},"9":{"name":"(anonymous_9)","decl":{"start":{"line":123,"column":2},"end":{"line":123,"column":15}},"loc":{"start":{"line":123,"column":15},"end":{"line":125,"column":3}}},"10":{"name":"(anonymous_10)","decl":{"start":{"line":127,"column":2},"end":{"line":127,"column":22}},"loc":{"start":{"line":127,"column":41},"end":{"line":129,"column":3}}},"11":{"name":"(anonymous_11)","decl":{"start":{"line":128,"column":31},"end":{"line":128,"column":32}},"loc":{"start":{"line":128,"column":36},"end":{"line":128,"column":59}}},"12":{"name":"(anonymous_12)","decl":{"start":{"line":131,"column":2},"end":{"line":131,"column":17}},"loc":{"start":{"line":131,"column":53},"end":{"line":133,"column":3}}},"13":{"name":"(anonymous_13)","decl":{"start":{"line":137,"column":2},"end":{"line":137,"column":22}},"loc":{"start":{"line":137,"column":40},"end":{"line":137,"column":44}}},"14":{"name":"(anonymous_14)","decl":{"start":{"line":139,"column":2},"end":{"line":139,"column":7}},"loc":{"start":{"line":139,"column":34},"end":{"line":141,"column":3}}},"15":{"name":"(anonymous_15)","decl":{"start":{"line":143,"column":2},"end":{"line":143,"column":7}},"loc":{"start":{"line":143,"column":46},"end":{"line":152,"column":3}}},"16":{"name":"(anonymous_16)","decl":{"start":{"line":154,"column":2},"end":{"line":154,"column":7}},"loc":{"start":{"line":154,"column":56},"end":{"line":156,"column":3}}}},"branchMap":{"0":{"loc":{"start":{"line":40,"column":4},"end":{"line":42,"column":5}},"type":"if","locations":[{"start":{"line":40,"column":4},"end":{"line":42,"column":5}}]},"1":{"loc":{"start":{"line":45,"column":4},"end":{"line":47,"column":5}},"type":"if","locations":[{"start":{"line":45,"column":4},"end":{"line":47,"column":5}}]},"2":{"loc":{"start":{"line":59,"column":4},"end":{"line":61,"column":5}},"type":"if","locations":[{"start":{"line":59,"column":4},"end":{"line":61,"column":5}}]},"3":{"loc":{"start":{"line":63,"column":4},"end":{"line":65,"column":5}},"type":"if","locations":[{"start":{"line":63,"column":4},"end":{"line":65,"column":5}}]},"4":{"loc":{"start":{"line":68,"column":4},"end":{"line":70,"column":5}},"type":"if","locations":[{"start":{"line":68,"column":4},"end":{"line":70,"column":5}}]},"5":{"loc":{"start":{"line":108,"column":4},"end":{"line":110,"column":5}},"type":"if","locations":[{"start":{"line":108,"column":4},"end":{"line":110,"column":5}}]}},"s":{"0":1,"1":1,"2":1,"3":1,"4":1,"5":1,"6":10,"7":10,"8":10,"9":10,"10":10,"11":90,"12":9,"13":9,"14":9,"15":1,"16":1,"17":1,"18":0,"19":1,"20":1,"21":0,"22":1,"23":1,"24":1,"25":1,"26":0,"27":1,"28":0,"29":1,"30":1,"31":0,"32":1,"33":1,"34":1,"35":1,"36":1,"37":1,"38":1,"39":1,"40":0,"41":0,"42":0,"43":0,"44":0,"45":0,"46":0,"47":2,"48":1,"49":2,"50":6,"51":5,"52":1,"53":90,"54":1,"55":0,"56":1},"f":{"0":10,"1":10,"2":9,"3":1,"4":1,"5":1,"6":1,"7":0,"8":2,"9":1,"10":2,"11":6,"12":5,"13":90,"14":1,"15":0,"16":1},"b":{"0":[0],"1":[0],"2":[0],"3":[0],"4":[0],"5":[0]}}
,"/home/Jamie/Dokumente/Git/FreetimeSDK-NPM/src/Transaction.ts": {"path":"/home/Jamie/Dokumente/Git/FreetimeSDK-NPM/src/Transaction.ts","statementMap":{"0":{"start":{"line":6,"column":11},"end":{"line":6,"column":23}},"1":{"start":{"line":7,"column":11},"end":{"line":7,"column":30}},"2":{"start":{"line":8,"column":11},"end":{"line":8,"column":28}},"3":{"start":{"line":9,"column":11},"end":{"line":9,"column":25}},"4":{"start":{"line":10,"column":11},"end":{"line":10,"column":22}},"5":{"start":{"line":11,"column":11},"end":{"line":11,"column":29}},"6":{"start":{"line":12,"column":11},"end":{"line":12,"column":31}},"7":{"start":{"line":13,"column":11},"end":{"line":13,"column":56}},"8":{"start":{"line":4,"column":0},"end":{"line":4,"column":13}},"9":{"start":{"line":19,"column":11},"end":{"line":19,"column":35}},"10":{"start":{"line":20,"column":11},"end":{"line":20,"column":37}},"11":{"start":{"line":24,"column":4},"end":{"line":24,"column":40}},"12":{"start":{"line":26,"column":4},"end":{"line":26,"column":70}},"13":{"start":{"line":27,"column":4},"end":{"line":27,"column":59}},"14":{"start":{"line":29,"column":4},"end":{"line":29,"column":60}},"15":{"start":{"line":29,"column":33},"end":{"line":29,"column":58}},"16":{"start":{"line":31,"column":4},"end":{"line":31,"column":42}},"17":{"start":{"line":32,"column":4},"end":{"line":32,"column":33}},"18":{"start":{"line":36,"column":4},"end":{"line":42,"column":46}},"19":{"start":{"line":17,"column":0},"end":{"line":17,"column":13}}},"fnMap":{"0":{"name":"(anonymous_0)","decl":{"start":{"line":5,"column":2},"end":{"line":5,"column":null}},"loc":{"start":{"line":13,"column":65},"end":{"line":14,"column":6}}},"1":{"name":"(anonymous_1)","decl":{"start":{"line":18,"column":2},"end":{"line":18,"column":null}},"loc":{"start":{"line":20,"column":37},"end":{"line":21,"column":6}}},"2":{"name":"(anonymous_2)","decl":{"start":{"line":23,"column":2},"end":{"line":23,"column":7}},"loc":{"start":{"line":23,"column":17},"end":{"line":33,"column":3}}},"3":{"name":"(anonymous_3)","decl":{"start":{"line":29,"column":22},"end":{"line":29,"column":29}},"loc":{"start":{"line":29,"column":33},"end":{"line":29,"column":58}}},"4":{"name":"(anonymous_4)","decl":{"start":{"line":35,"column":2},"end":{"line":35,"column":21}},"loc":{"start":{"line":35,"column":21},"end":{"line":43,"column":3}}}},"branchMap":{"0":{"loc":{"start":{"line":12,"column":11},"end":{"line":12,"column":41}},"type":"default-arg","locations":[{"start":{"line":12,"column":31},"end":{"line":12,"column":41}}]},"1":{"loc":{"start":{"line":13,"column":11},"end":{"line":13,"column":65}},"type":"default-arg","locations":[{"start":{"line":13,"column":56},"end":{"line":13,"column":65}}]}},"s":{"0":1,"1":1,"2":1,"3":1,"4":1,"5":1,"6":1,"7":1,"8":1,"9":1,"10":1,"11":0,"12":0,"13":0,"14":0,"15":0,"16":0,"17":0,"18":0,"19":1},"f":{"0":1,"1":1,"2":0,"3":0,"4":0},"b":{"0":[1],"1":[1]}}
,"/home/Jamie/Dokumente/Git/FreetimeSDK-NPM/src/Wallet.ts": {"path":"/home/Jamie/Dokumente/Git/FreetimeSDK-NPM/src/Wallet.ts","statementMap":{"0":{"start":{"line":1,"column":0},"end":{"line":1,"column":61}},"1":{"start":{"line":2,"column":0},"end":{"line":2,"column":33}},"2":{"start":{"line":3,"column":0},"end":{"line":3,"column":30}},"3":{"start":{"line":4,"column":0},"end":{"line":4,"column":24}},"4":{"start":{"line":12,"column":11},"end":{"line":12,"column":26}},"5":{"start":{"line":13,"column":11},"end":{"line":13,"column":29}},"6":{"start":{"line":14,"column":11},"end":{"line":14,"column":28}},"7":{"start":{"line":15,"column":11},"end":{"line":15,"column":29}},"8":{"start":{"line":16,"column":11},"end":{"line":16,"column":24}},"9":{"start":{"line":20,"column":23},"end":{"line":20,"column":61}},"10":{"start":{"line":21,"column":23},"end":{"line":21,"column":42}},"11":{"start":{"line":22,"column":20},"end":{"line":22,"column":64}},"12":{"start":{"line":23,"column":22},"end":{"line":23,"column":66}},"13":{"start":{"line":27,"column":4},"end":{"line":45,"column":5}},"14":{"start":{"line":29,"column":8},"end":{"line":29,"column":63}},"15":{"start":{"line":30,"column":8},"end":{"line":30,"column":14}},"16":{"start":{"line":32,"column":8},"end":{"line":32,"column":64}},"17":{"start":{"line":33,"column":8},"end":{"line":33,"column":14}},"18":{"start":{"line":35,"column":8},"end":{"line":35,"column":64}},"19":{"start":{"line":36,"column":8},"end":{"line":36,"column":14}},"20":{"start":{"line":38,"column":8},"end":{"line":38,"column":67}},"21":{"start":{"line":39,"column":8},"end":{"line":39,"column":14}},"22":{"start":{"line":41,"column":8},"end":{"line":41,"column":64}},"23":{"start":{"line":42,"column":8},"end":{"line":42,"column":14}},"24":{"start":{"line":44,"column":8},"end":{"line":44,"column":73}},"25":{"start":{"line":47,"column":4},"end":{"line":47,"column":74}},"26":{"start":{"line":51,"column":23},"end":{"line":51,"column":97}},"27":{"start":{"line":52,"column":26},"end":{"line":52,"column":84}},"28":{"start":{"line":54,"column":26},"end":{"line":54,"column":77}},"29":{"start":{"line":55,"column":21},"end":{"line":55,"column":136}},"30":{"start":{"line":56,"column":25},"end":{"line":56,"column":65}},"31":{"start":{"line":58,"column":4},"end":{"line":58,"column":37}},"32":{"start":{"line":62,"column":17},"end":{"line":62,"column":91}},"33":{"start":{"line":63,"column":20},"end":{"line":63,"column":35}},"34":{"start":{"line":64,"column":4},"end":{"line":64,"column":42}},"35":{"start":{"line":68,"column":23},"end":{"line":68,"column":97}},"36":{"start":{"line":69,"column":26},"end":{"line":69,"column":84}},"37":{"start":{"line":71,"column":26},"end":{"line":71,"column":77}},"38":{"start":{"line":72,"column":21},"end":{"line":72,"column":136}},"39":{"start":{"line":73,"column":25},"end":{"line":73,"column":65}},"40":{"start":{"line":75,"column":4},"end":{"line":75,"column":37}},"41":{"start":{"line":80,"column":23},"end":{"line":80,"column":97}},"42":{"start":{"line":81,"column":26},"end":{"line":81,"column":84}},"43":{"start":{"line":84,"column":26},"end":{"line":84,"column":77}},"44":{"start":{"line":85,"column":21},"end":{"line":85,"column":136}},"45":{"start":{"line":86,"column":25},"end":{"line":86,"column":65}},"46":{"start":{"line":88,"column":4},"end":{"line":88,"column":54}},"47":{"start":{"line":92,"column":23},"end":{"line":92,"column":97}},"48":{"start":{"line":93,"column":26},"end":{"line":93,"column":84}},"49":{"start":{"line":95,"column":26},"end":{"line":95,"column":77}},"50":{"start":{"line":96,"column":21},"end":{"line":96,"column":136}},"51":{"start":{"line":97,"column":25},"end":{"line":97,"column":65}},"52":{"start":{"line":99,"column":4},"end":{"line":99,"column":37}},"53":{"start":{"line":103,"column":17},"end":{"line":103,"column":91}},"54":{"start":{"line":104,"column":4},"end":{"line":104,"column":68}},"55":{"start":{"line":108,"column":4},"end":{"line":108,"column":58}},"56":{"start":{"line":112,"column":4},"end":{"line":112,"column":57}},"57":{"start":{"line":10,"column":0},"end":{"line":10,"column":13}}},"fnMap":{"0":{"name":"(anonymous_10)","decl":{"start":{"line":11,"column":2},"end":{"line":11,"column":null}},"loc":{"start":{"line":16,"column":24},"end":{"line":17,"column":6}}},"1":{"name":"(anonymous_11)","decl":{"start":{"line":19,"column":2},"end":{"line":19,"column":8}},"loc":{"start":{"line":19,"column":49},"end":{"line":48,"column":3}}},"2":{"name":"(anonymous_12)","decl":{"start":{"line":50,"column":10},"end":{"line":50,"column":16}},"loc":{"start":{"line":50,"column":57},"end":{"line":59,"column":3}}},"3":{"name":"(anonymous_13)","decl":{"start":{"line":61,"column":10},"end":{"line":61,"column":16}},"loc":{"start":{"line":61,"column":58},"end":{"line":65,"column":3}}},"4":{"name":"(anonymous_14)","decl":{"start":{"line":67,"column":10},"end":{"line":67,"column":16}},"loc":{"start":{"line":67,"column":58},"end":{"line":76,"column":3}}},"5":{"name":"(anonymous_15)","decl":{"start":{"line":78,"column":10},"end":{"line":78,"column":16}},"loc":{"start":{"line":78,"column":61},"end":{"line":89,"column":3}}},"6":{"name":"(anonymous_16)","decl":{"start":{"line":91,"column":10},"end":{"line":91,"column":16}},"loc":{"start":{"line":91,"column":58},"end":{"line":100,"column":3}}},"7":{"name":"(anonymous_17)","decl":{"start":{"line":102,"column":10},"end":{"line":102,"column":16}},"loc":{"start":{"line":102,"column":77},"end":{"line":105,"column":3}}},"8":{"name":"(anonymous_18)","decl":{"start":{"line":107,"column":2},"end":{"line":107,"column":7}},"loc":{"start":{"line":107,"column":52},"end":{"line":109,"column":3}}},"9":{"name":"(anonymous_19)","decl":{"start":{"line":111,"column":2},"end":{"line":111,"column":7}},"loc":{"start":{"line":111,"column":81},"end":{"line":113,"column":3}}}},"branchMap":{"0":{"loc":{"start":{"line":27,"column":4},"end":{"line":45,"column":5}},"type":"switch","locations":[{"start":{"line":28,"column":6},"end":{"line":30,"column":14}},{"start":{"line":31,"column":6},"end":{"line":33,"column":14}},{"start":{"line":34,"column":6},"end":{"line":36,"column":14}},{"start":{"line":37,"column":6},"end":{"line":39,"column":14}},{"start":{"line":40,"column":6},"end":{"line":42,"column":14}},{"start":{"line":43,"column":6},"end":{"line":44,"column":73}}]}},"s":{"0":1,"1":1,"2":1,"3":1,"4":9,"5":9,"6":9,"7":9,"8":9,"9":9,"10":9,"11":9,"12":9,"13":9,"14":6,"15":6,"16":3,"17":3,"18":0,"19":0,"20":0,"21":0,"22":0,"23":0,"24":0,"25":9,"26":6,"27":6,"28":6,"29":6,"30":6,"31":6,"32":3,"33":3,"34":3,"35":0,"36":0,"37":0,"38":0,"39":0,"40":0,"41":0,"42":0,"43":0,"44":0,"45":0,"46":0,"47":0,"48":0,"49":0,"50":0,"51":0,"52":0,"53":0,"54":0,"55":0,"56":0,"57":1},"f":{"0":9,"1":9,"2":6,"3":3,"4":0,"5":0,"6":0,"7":0,"8":0,"9":0},"b":{"0":[6,3,0,0,0,0]}}
,"/home/Jamie/Dokumente/Git/FreetimeSDK-NPM/src/index.ts": {"path":"/home/Jamie/Dokumente/Git/FreetimeSDK-NPM/src/index.ts","statementMap":{"0":{"start":{"line":1,"column":0},"end":{"line":1,"column":9}},"1":{"start":{"line":1,"column":9},"end":{"line":1,"column":58}},"2":{"start":{"line":2,"column":0},"end":{"line":2,"column":9}},"3":{"start":{"line":2,"column":9},"end":{"line":2,"column":38}},"4":{"start":{"line":3,"column":0},"end":{"line":3,"column":9}},"5":{"start":{"line":3,"column":9},"end":{"line":3,"column":26}},"6":{"start":{"line":3,"column":26},"end":{"line":3,"column":73}},"7":{"start":{"line":4,"column":0},"end":{"line":4,"column":9}},"8":{"start":{"line":4,"column":9},"end":{"line":4,"column":46}},"9":{"start":{"line":5,"column":0},"end":{"line":5,"column":9}},"10":{"start":{"line":5,"column":9},"end":{"line":5,"column":50}},"11":{"start":{"line":6,"column":0},"end":{"line":6,"column":9}},"12":{"start":{"line":6,"column":9},"end":{"line":6,"column":44}},"13":{"start":{"line":8,"column":0},"end":{"line":8,"column":24}},"14":{"start":{"line":10,"column":0},"end":{"line":10,"column":58}},"15":{"start":{"line":11,"column":0},"end":{"line":11,"column":34}}},"fnMap":{"0":{"name":"(anonymous_4)","decl":{"start":{"line":1,"column":9},"end":{"line":1,"column":27}},"loc":{"start":{"line":1,"column":9},"end":{"line":1,"column":58}}},"1":{"name":"(anonymous_5)","decl":{"start":{"line":2,"column":9},"end":{"line":2,"column":19}},"loc":{"start":{"line":2,"column":9},"end":{"line":2,"column":38}}},"2":{"name":"(anonymous_6)","decl":{"start":{"line":3,"column":9},"end":{"line":3,"column":24}},"loc":{"start":{"line":3,"column":9},"end":{"line":3,"column":26}}},"3":{"name":"(anonymous_7)","decl":{"start":{"line":3,"column":26},"end":{"line":3,"column":49}},"loc":{"start":{"line":3,"column":26},"end":{"line":3,"column":73}}},"4":{"name":"(anonymous_8)","decl":{"start":{"line":4,"column":9},"end":{"line":4,"column":23}},"loc":{"start":{"line":4,"column":9},"end":{"line":4,"column":46}}},"5":{"name":"(anonymous_9)","decl":{"start":{"line":5,"column":9},"end":{"line":5,"column":25}},"loc":{"start":{"line":5,"column":9},"end":{"line":5,"column":50}}},"6":{"name":"(anonymous_10)","decl":{"start":{"line":6,"column":9},"end":{"line":6,"column":20}},"loc":{"start":{"line":6,"column":9},"end":{"line":6,"column":44}}}},"branchMap":{},"s":{"0":1,"1":11,"2":1,"3":1,"4":1,"5":1,"6":1,"7":1,"8":1,"9":1,"10":1,"11":1,"12":1,"13":1,"14":1,"15":1},"f":{"0":10,"1":0,"2":0,"3":0,"4":0,"5":0,"6":0},"b":{}}
,"/home/Jamie/Dokumente/Git/FreetimeSDK-NPM/src/types.ts": {"path":"/home/Jamie/Dokumente/Git/FreetimeSDK-NPM/src/types.ts","statementMap":{"0":{"start":{"line":1,"column":0},"end":{"line":1,"column":null}},"1":{"start":{"line":2,"column":2},"end":{"line":2,"column":null}},"2":{"start":{"line":3,"column":2},"end":{"line":3,"column":null}},"3":{"start":{"line":4,"column":2},"end":{"line":4,"column":null}},"4":{"start":{"line":5,"column":2},"end":{"line":5,"column":null}},"5":{"start":{"line":6,"column":2},"end":{"line":6,"column":null}},"6":{"start":{"line":7,"column":2},"end":{"line":7,"column":null}},"7":{"start":{"line":8,"column":2},"end":{"line":8,"column":null}},"8":{"start":{"line":9,"column":2},"end":{"line":9,"column":null}},"9":{"start":{"line":10,"column":2},"end":{"line":10,"column":null}},"10":{"start":{"line":13,"column":13},"end":{"line":23,"column":2}}},"fnMap":{"0":{"name":"(anonymous_0)","decl":{"start":{"line":1,"column":0},"end":{"line":1,"column":12}},"loc":{"start":{"line":1,"column":20},"end":{"line":11,"column":1}}}},"branchMap":{"0":{"loc":{"start":{"line":1,"column":12},"end":{"line":1,"column":null}},"type":"binary-expr","locations":[{"start":{"line":1,"column":12},"end":{"line":1,"column":20}},{"start":{"line":1,"column":20},"end":{"line":1,"column":null}}]}},"s":{"0":1,"1":1,"2":1,"3":1,"4":1,"5":1,"6":1,"7":1,"8":1,"9":1,"10":1},"f":{"0":1},"b":{"0":[1,1]}}
}
